==============================================================================

                  ------ MOMENTUM STATISTICS (MW mode) ------

              Momentum MomEngine_64 2023.20.105 (*) built: Mar 10 2023
                           Tue May 23 18:48:47 2023

==============================================================================


------------------------------------------------------------------------------
MESH
------------------------------------------------------------------------------
 Frequency          : 1 GHz

 Rectangular cells  : 90
 Quadrangular cells : 393
 Triangular cells   : 1107
 Via cells          : 369

 Edge currents      : 2917

------------------------------------------------------------------------------
SOLVER                        USER TIME      ELAPSED TIME      MEMORY         
PROCESSES                      (h:m:s)          (h:m:s)         (MB)          
------------------------------------------------------------------------------

SIMULATION SET-UP
-----------------
 Initialization           |     0: 0: 0   |     0: 0: 0   |     44.28   
 Ports analysis           |     0: 0: 0   |     0: 0: 0   |      0.04   
 Mesh processing          |     0: 0: 0   |     0: 0: 0   |     70.20   

 Matrix size : 6699
 Reduced matrix size : 2130
 Estimated process size is below 256.00 MB

 Simulation temperature : 298.15 K

1. SIMULATION FREQUENCY = 600 MHz 
-------------------------
 Green functions          |     0: 0: 0   |     0: 0: 0   |      2.11   
 Basis creation           |     0: 0: 1   |     0: 0: 0   |     93.54   
 Matrix load              |     0: 2:12   |     0: 0:12   |     79.38   
 Matrix solve             |     0: 0: 4   |     0: 0: 1   |     62.12   
 S parameters             |     0: 0: 0   |     0: 0: 0   |      0.04   

2. SIMULATION FREQUENCY = 1 GHz 
-------------------------
 Green functions          |     0: 0: 2   |     0: 0: 0   |      0.46   
 Matrix load              |     0: 2:15   |     0: 0:13   |      3.68   
 Matrix solve             |     0: 0: 3   |     0: 0: 0   |      1.43   
 S parameters             |     0: 0: 0   |     0: 0: 0   |      0.00   
 Adaptive sampling        |     0: 0: 0   |     0: 0: 0   |      0.01   

3. SIMULATION FREQUENCY = 866.667 MHz 
-------------------------
 Green functions          |     0: 0: 1   |     0: 0: 0   |      0.00   
 Matrix load              |     0: 2:20   |     0: 0:13   |      0.92   
 Matrix solve             |     0: 0: 2   |     0: 0: 0   |      0.40   
 S parameters             |     0: 0: 0   |     0: 0: 0   |      0.00   
 Adaptive sampling        |     0: 0: 1   |     0: 0: 0   |      0.00   

4. SIMULATION FREQUENCY = 733.333 MHz 
-------------------------
 Green functions          |     0: 0: 1   |     0: 0: 0   |      0.00   
 Matrix load              |     0: 2:28   |     0: 0:14   |      0.75   
 Matrix solve             |     0: 0: 2   |     0: 0: 0   |      0.00   
 S parameters             |     0: 0: 0   |     0: 0: 0   |      0.00   
 Adaptive sampling        |     0: 0: 1   |     0: 0: 0   |      0.37   

5. SIMULATION FREQUENCY = 800 MHz 
-------------------------
 Green functions          |     0: 0: 1   |     0: 0: 0   |      0.00   
 Matrix load              |     0: 2:27   |     0: 0:14   |      0.72   
 Matrix solve             |     0: 0: 3   |     0: 0: 0   |      0.00   
 S parameters             |     0: 0: 0   |     0: 0: 0   |      0.00   
 Adaptive sampling        |     0: 0: 1   |     0: 0: 0   |      0.00   

6. SIMULATION FREQUENCY = 933.333 MHz 
-------------------------
 Green functions          |     0: 0: 1   |     0: 0: 0   |      0.00   
 Matrix load              |     0: 2:28   |     0: 0:14   |      0.00   
 Matrix solve             |     0: 0: 2   |     0: 0: 0   |      0.00   
 S parameters             |     0: 0: 0   |     0: 0: 0   |      0.00   
 Adaptive sampling        |     0: 0: 1   |     0: 0: 0   |      0.00   

7. SIMULATION FREQUENCY = 666.667 MHz 
-------------------------
 Green functions          |     0: 0: 1   |     0: 0: 0   |      0.00   
 Matrix load              |     0: 2:27   |     0: 0:14   |      0.36   
 Matrix solve             |     0: 0: 3   |     0: 0: 0   |      0.00   
 S parameters             |     0: 0: 0   |     0: 0: 0   |      0.00   
 Adaptive sampling        |     0: 0: 1   |     0: 0: 0   |      0.00   

8. SIMULATION FREQUENCY = 833.333 MHz 
-------------------------
 Green functions          |     0: 0: 1   |     0: 0: 0   |      0.00   
 Matrix load              |     0: 2:27   |     0: 0:14   |      0.00   
 Matrix solve             |     0: 0: 3   |     0: 0: 0   |      0.00   
 S parameters             |     0: 0: 0   |     0: 0: 0   |      0.00   
 Adaptive sampling        |     0: 0: 1   |     0: 0: 1   |      0.00   

------------------------------------------------------------------------------
TOTALS
------------------------------------------------------------------------------
 Nr of Frequencies   : 8 

 Physical memory :   360.80 MB
 Virtual memory  :   514.77 MB
 Page faults     :      106436
 User Time       :    0h19m41s
 Elapsed Time    :    0h 1m50s

==============================================================================

